[2015-03-04 20:35:26] production.ERROR: exception 'Symfony\Component\HttpKernel\Exception\NotFoundHttpException' in /Applications/MAMP/htdocs/estudo/bootstrap/compiled.php:5747
Stack trace:
#0 /Applications/MAMP/htdocs/estudo/bootstrap/compiled.php(5069): Illuminate\Routing\RouteCollection->match(Object(Illuminate\Http\Request))
#1 /Applications/MAMP/htdocs/estudo/bootstrap/compiled.php(5057): Illuminate\Routing\Router->findRoute(Object(Illuminate\Http\Request))
#2 /Applications/MAMP/htdocs/estudo/bootstrap/compiled.php(5049): Illuminate\Routing\Router->dispatchToRoute(Object(Illuminate\Http\Request))
#3 /Applications/MAMP/htdocs/estudo/bootstrap/compiled.php(715): Illuminate\Routing\Router->dispatch(Object(Illuminate\Http\Request))
#4 /Applications/MAMP/htdocs/estudo/bootstrap/compiled.php(696): Illuminate\Foundation\Application->dispatch(Object(Illuminate\Http\Request))
#5 /Applications/MAMP/htdocs/estudo/bootstrap/compiled.php(7821): Illuminate\Foundation\Application->handle(Object(Illuminate\Http\Request), 1, true)
#6 /Applications/MAMP/htdocs/estudo/bootstrap/compiled.php(8428): Illuminate\Session\Middleware->handle(Object(Illuminate\Http\Request), 1, true)
#7 /Applications/MAMP/htdocs/estudo/bootstrap/compiled.php(8375): Illuminate\Cookie\Queue->handle(Object(Illuminate\Http\Request), 1, true)
#8 /Applications/MAMP/htdocs/estudo/bootstrap/compiled.php(11038): Illuminate\Cookie\Guard->handle(Object(Illuminate\Http\Request), 1, true)
#9 /Applications/MAMP/htdocs/estudo/bootstrap/compiled.php(657): Stack\StackedHttpKernel->handle(Object(Illuminate\Http\Request))
#10 /Applications/MAMP/htdocs/estudo/public/index.php(49): Illuminate\Foundation\Application->run()
#11 {main} [] []
[2015-03-04 21:19:13] production.ERROR: exception 'Symfony\Component\HttpKernel\Exception\NotFoundHttpException' in /Applications/MAMP/htdocs/estudo/bootstrap/compiled.php:5747
Stack trace:
#0 /Applications/MAMP/htdocs/estudo/bootstrap/compiled.php(5069): Illuminate\Routing\RouteCollection->match(Object(Illuminate\Http\Request))
#1 /Applications/MAMP/htdocs/estudo/bootstrap/compiled.php(5057): Illuminate\Routing\Router->findRoute(Object(Illuminate\Http\Request))
#2 /Applications/MAMP/htdocs/estudo/bootstrap/compiled.php(5049): Illuminate\Routing\Router->dispatchToRoute(Object(Illuminate\Http\Request))
#3 /Applications/MAMP/htdocs/estudo/bootstrap/compiled.php(715): Illuminate\Routing\Router->dispatch(Object(Illuminate\Http\Request))
#4 /Applications/MAMP/htdocs/estudo/bootstrap/compiled.php(696): Illuminate\Foundation\Application->dispatch(Object(Illuminate\Http\Request))
#5 /Applications/MAMP/htdocs/estudo/bootstrap/compiled.php(7821): Illuminate\Foundation\Application->handle(Object(Illuminate\Http\Request), 1, true)
#6 /Applications/MAMP/htdocs/estudo/bootstrap/compiled.php(8428): Illuminate\Session\Middleware->handle(Object(Illuminate\Http\Request), 1, true)
#7 /Applications/MAMP/htdocs/estudo/bootstrap/compiled.php(8375): Illuminate\Cookie\Queue->handle(Object(Illuminate\Http\Request), 1, true)
#8 /Applications/MAMP/htdocs/estudo/bootstrap/compiled.php(11038): Illuminate\Cookie\Guard->handle(Object(Illuminate\Http\Request), 1, true)
#9 /Applications/MAMP/htdocs/estudo/bootstrap/compiled.php(657): Stack\StackedHttpKernel->handle(Object(Illuminate\Http\Request))
#10 /Applications/MAMP/htdocs/estudo/public/index.php(49): Illuminate\Foundation\Application->run()
#11 {main} [] []
[2015-03-04 21:19:13] production.ERROR: exception 'Symfony\Component\HttpKernel\Exception\NotFoundHttpException' in /Applications/MAMP/htdocs/estudo/bootstrap/compiled.php:5747
Stack trace:
#0 /Applications/MAMP/htdocs/estudo/bootstrap/compiled.php(5069): Illuminate\Routing\RouteCollection->match(Object(Illuminate\Http\Request))
#1 /Applications/MAMP/htdocs/estudo/bootstrap/compiled.php(5057): Illuminate\Routing\Router->findRoute(Object(Illuminate\Http\Request))
#2 /Applications/MAMP/htdocs/estudo/bootstrap/compiled.php(5049): Illuminate\Routing\Router->dispatchToRoute(Object(Illuminate\Http\Request))
#3 /Applications/MAMP/htdocs/estudo/bootstrap/compiled.php(715): Illuminate\Routing\Router->dispatch(Object(Illuminate\Http\Request))
#4 /Applications/MAMP/htdocs/estudo/bootstrap/compiled.php(696): Illuminate\Foundation\Application->dispatch(Object(Illuminate\Http\Request))
#5 /Applications/MAMP/htdocs/estudo/bootstrap/compiled.php(7821): Illuminate\Foundation\Application->handle(Object(Illuminate\Http\Request), 1, true)
#6 /Applications/MAMP/htdocs/estudo/bootstrap/compiled.php(8428): Illuminate\Session\Middleware->handle(Object(Illuminate\Http\Request), 1, true)
#7 /Applications/MAMP/htdocs/estudo/bootstrap/compiled.php(8375): Illuminate\Cookie\Queue->handle(Object(Illuminate\Http\Request), 1, true)
#8 /Applications/MAMP/htdocs/estudo/bootstrap/compiled.php(11038): Illuminate\Cookie\Guard->handle(Object(Illuminate\Http\Request), 1, true)
#9 /Applications/MAMP/htdocs/estudo/bootstrap/compiled.php(657): Stack\StackedHttpKernel->handle(Object(Illuminate\Http\Request))
#10 /Applications/MAMP/htdocs/estudo/public/index.php(49): Illuminate\Foundation\Application->run()
#11 {main} [] []
[2015-03-12 20:12:11] production.ERROR: exception 'Symfony\Component\Debug\Exception\FatalErrorException' with message 'syntax error, unexpected ')', expecting '{'' in /Applications/MAMP/htdocs/estudo/app/routes.php:27
Stack trace:
#0 [internal function]: Illuminate\Exception\Handler->handleShutdown()
#1 {main} [] []
[2015-03-12 20:13:19] production.ERROR: exception 'Symfony\Component\Debug\Exception\FatalErrorException' with message 'syntax error, unexpected ')', expecting '{'' in /Applications/MAMP/htdocs/estudo/app/routes.php:29
Stack trace:
#0 [internal function]: Illuminate\Exception\Handler->handleShutdown()
#1 {main} [] []
[2015-03-12 20:13:23] production.ERROR: exception 'Symfony\Component\Debug\Exception\FatalErrorException' with message 'syntax error, unexpected ')', expecting '{'' in /Applications/MAMP/htdocs/estudo/app/routes.php:29
Stack trace:
#0 [internal function]: Illuminate\Exception\Handler->handleShutdown()
#1 {main} [] []
[2015-03-12 20:21:21] production.ERROR: exception 'Symfony\Component\HttpKernel\Exception\NotFoundHttpException' in /Applications/MAMP/htdocs/estudo/bootstrap/compiled.php:5747
Stack trace:
#0 /Applications/MAMP/htdocs/estudo/bootstrap/compiled.php(5069): Illuminate\Routing\RouteCollection->match(Object(Illuminate\Http\Request))
#1 /Applications/MAMP/htdocs/estudo/bootstrap/compiled.php(5057): Illuminate\Routing\Router->findRoute(Object(Illuminate\Http\Request))
#2 /Applications/MAMP/htdocs/estudo/bootstrap/compiled.php(5049): Illuminate\Routing\Router->dispatchToRoute(Object(Illuminate\Http\Request))
#3 /Applications/MAMP/htdocs/estudo/bootstrap/compiled.php(715): Illuminate\Routing\Router->dispatch(Object(Illuminate\Http\Request))
#4 /Applications/MAMP/htdocs/estudo/bootstrap/compiled.php(696): Illuminate\Foundation\Application->dispatch(Object(Illuminate\Http\Request))
#5 /Applications/MAMP/htdocs/estudo/bootstrap/compiled.php(7821): Illuminate\Foundation\Application->handle(Object(Illuminate\Http\Request), 1, true)
#6 /Applications/MAMP/htdocs/estudo/bootstrap/compiled.php(8428): Illuminate\Session\Middleware->handle(Object(Illuminate\Http\Request), 1, true)
#7 /Applications/MAMP/htdocs/estudo/bootstrap/compiled.php(8375): Illuminate\Cookie\Queue->handle(Object(Illuminate\Http\Request), 1, true)
#8 /Applications/MAMP/htdocs/estudo/bootstrap/compiled.php(11038): Illuminate\Cookie\Guard->handle(Object(Illuminate\Http\Request), 1, true)
#9 /Applications/MAMP/htdocs/estudo/bootstrap/compiled.php(657): Stack\StackedHttpKernel->handle(Object(Illuminate\Http\Request))
#10 /Applications/MAMP/htdocs/estudo/public/index.php(49): Illuminate\Foundation\Application->run()
#11 {main} [] []
[2015-03-15 01:52:40] production.ERROR: exception 'Symfony\Component\Debug\Exception\FatalErrorException' with message 'Call to undefined function setTt1()' in /Applications/MAMP/htdocs/estudo/app/routes.php:18
Stack trace:
#0 [internal function]: Illuminate\Exception\Handler->handleShutdown()
#1 {main} [] []
[2015-03-15 14:58:23] production.ERROR: exception 'Symfony\Component\HttpFoundation\File\Exception\FileNotFoundException' with message 'The file "/Ebook_Analytics_2.pdf" does not exist' in /Applications/MAMP/htdocs/estudo/vendor/symfony/http-foundation/Symfony/Component/HttpFoundation/File/File.php:41
Stack trace:
#0 /Applications/MAMP/htdocs/estudo/vendor/symfony/http-foundation/Symfony/Component/HttpFoundation/BinaryFileResponse.php(90): Symfony\Component\HttpFoundation\File\File->__construct('/Ebook_Analytic...')
#1 /Applications/MAMP/htdocs/estudo/vendor/symfony/http-foundation/Symfony/Component/HttpFoundation/BinaryFileResponse.php(49): Symfony\Component\HttpFoundation\BinaryFileResponse->setFile('/Ebook_Analytic...', 'attachment', false, true)
#2 /Applications/MAMP/htdocs/estudo/vendor/laravel/framework/src/Illuminate/Support/Facades/Response.php(102): Symfony\Component\HttpFoundation\BinaryFileResponse->__construct('/Ebook_Analytic...', 200, Array, true, 'attachment')
#3 /Applications/MAMP/htdocs/estudo/app/routes.php(19): Illuminate\Support\Facades\Response::download('/Ebook_Analytic...')
#4 [internal function]: {closure}()
#5 /Applications/MAMP/htdocs/estudo/bootstrap/compiled.php(5394): call_user_func_array(Object(Closure), Array)
#6 /Applications/MAMP/htdocs/estudo/bootstrap/compiled.php(5061): Illuminate\Routing\Route->run(Object(Illuminate\Http\Request))
#7 /Applications/MAMP/htdocs/estudo/bootstrap/compiled.php(5049): Illuminate\Routing\Router->dispatchToRoute(Object(Illuminate\Http\Request))
#8 /Applications/MAMP/htdocs/estudo/bootstrap/compiled.php(715): Illuminate\Routing\Router->dispatch(Object(Illuminate\Http\Request))
#9 /Applications/MAMP/htdocs/estudo/bootstrap/compiled.php(696): Illuminate\Foundation\Application->dispatch(Object(Illuminate\Http\Request))
#10 /Applications/MAMP/htdocs/estudo/bootstrap/compiled.php(7821): Illuminate\Foundation\Application->handle(Object(Illuminate\Http\Request), 1, true)
#11 /Applications/MAMP/htdocs/estudo/bootstrap/compiled.php(8428): Illuminate\Session\Middleware->handle(Object(Illuminate\Http\Request), 1, true)
#12 /Applications/MAMP/htdocs/estudo/bootstrap/compiled.php(8375): Illuminate\Cookie\Queue->handle(Object(Illuminate\Http\Request), 1, true)
#13 /Applications/MAMP/htdocs/estudo/bootstrap/compiled.php(11038): Illuminate\Cookie\Guard->handle(Object(Illuminate\Http\Request), 1, true)
#14 /Applications/MAMP/htdocs/estudo/bootstrap/compiled.php(657): Stack\StackedHttpKernel->handle(Object(Illuminate\Http\Request))
#15 /Applications/MAMP/htdocs/estudo/public/index.php(49): Illuminate\Foundation\Application->run()
#16 {main} [] []
[2015-03-15 14:58:38] production.ERROR: exception 'Symfony\Component\HttpFoundation\File\Exception\FileNotFoundException' with message 'The file "/Ebook_Analytics_2.pdf" does not exist' in /Applications/MAMP/htdocs/estudo/vendor/symfony/http-foundation/Symfony/Component/HttpFoundation/File/File.php:41
Stack trace:
#0 /Applications/MAMP/htdocs/estudo/vendor/symfony/http-foundation/Symfony/Component/HttpFoundation/BinaryFileResponse.php(90): Symfony\Component\HttpFoundation\File\File->__construct('/Ebook_Analytic...')
#1 /Applications/MAMP/htdocs/estudo/vendor/symfony/http-foundation/Symfony/Component/HttpFoundation/BinaryFileResponse.php(49): Symfony\Component\HttpFoundation\BinaryFileResponse->setFile('/Ebook_Analytic...', 'attachment', false, true)
#2 /Applications/MAMP/htdocs/estudo/vendor/laravel/framework/src/Illuminate/Support/Facades/Response.php(102): Symfony\Component\HttpFoundation\BinaryFileResponse->__construct('/Ebook_Analytic...', 200, Array, true, 'attachment')
#3 /Applications/MAMP/htdocs/estudo/app/routes.php(19): Illuminate\Support\Facades\Response::download('/Ebook_Analytic...')
#4 [internal function]: {closure}()
#5 /Applications/MAMP/htdocs/estudo/bootstrap/compiled.php(5394): call_user_func_array(Object(Closure), Array)
#6 /Applications/MAMP/htdocs/estudo/bootstrap/compiled.php(5061): Illuminate\Routing\Route->run(Object(Illuminate\Http\Request))
#7 /Applications/MAMP/htdocs/estudo/bootstrap/compiled.php(5049): Illuminate\Routing\Router->dispatchToRoute(Object(Illuminate\Http\Request))
#8 /Applications/MAMP/htdocs/estudo/bootstrap/compiled.php(715): Illuminate\Routing\Router->dispatch(Object(Illuminate\Http\Request))
#9 /Applications/MAMP/htdocs/estudo/bootstrap/compiled.php(696): Illuminate\Foundation\Application->dispatch(Object(Illuminate\Http\Request))
#10 /Applications/MAMP/htdocs/estudo/bootstrap/compiled.php(7821): Illuminate\Foundation\Application->handle(Object(Illuminate\Http\Request), 1, true)
#11 /Applications/MAMP/htdocs/estudo/bootstrap/compiled.php(8428): Illuminate\Session\Middleware->handle(Object(Illuminate\Http\Request), 1, true)
#12 /Applications/MAMP/htdocs/estudo/bootstrap/compiled.php(8375): Illuminate\Cookie\Queue->handle(Object(Illuminate\Http\Request), 1, true)
#13 /Applications/MAMP/htdocs/estudo/bootstrap/compiled.php(11038): Illuminate\Cookie\Guard->handle(Object(Illuminate\Http\Request), 1, true)
#14 /Applications/MAMP/htdocs/estudo/bootstrap/compiled.php(657): Stack\StackedHttpKernel->handle(Object(Illuminate\Http\Request))
#15 /Applications/MAMP/htdocs/estudo/public/index.php(49): Illuminate\Foundation\Application->run()
#16 {main} [] []
[2015-03-15 16:07:34] production.ERROR: exception 'Symfony\Component\Debug\Exception\FatalErrorException' with message 'syntax error, unexpected '<'' in /Applications/MAMP/htdocs/estudo/app/views/birthday.php:3
Stack trace:
#0 [internal function]: Illuminate\Exception\Handler->handleShutdown()
#1 {main} [] []
[2015-03-15 16:08:32] production.ERROR: exception 'Symfony\Component\Debug\Exception\FatalErrorException' with message 'syntax error, unexpected '<'' in /Applications/MAMP/htdocs/estudo/app/views/birthday.php:3
Stack trace:
#0 [internal function]: Illuminate\Exception\Handler->handleShutdown()
#1 {main} [] []
[2015-03-15 16:09:12] production.ERROR: exception 'Symfony\Component\Debug\Exception\FatalErrorException' with message 'syntax error, unexpected '<'' in /Applications/MAMP/htdocs/estudo/app/views/birthday.php:3
Stack trace:
#0 [internal function]: Illuminate\Exception\Handler->handleShutdown()
#1 {main} [] []
[2015-03-15 16:10:21] production.ERROR: exception 'Symfony\Component\Debug\Exception\FatalErrorException' with message 'syntax error, unexpected '<'' in /Applications/MAMP/htdocs/estudo/app/views/birthday.php:3
Stack trace:
#0 [internal function]: Illuminate\Exception\Handler->handleShutdown()
#1 {main} [] []
[2015-03-15 16:11:05] production.ERROR: exception 'Symfony\Component\Debug\Exception\FatalErrorException' with message 'syntax error, unexpected '<'' in /Applications/MAMP/htdocs/estudo/app/views/birthday.php:3
Stack trace:
#0 [internal function]: Illuminate\Exception\Handler->handleShutdown()
#1 {main} [] []
[2015-03-15 23:04:03] production.ERROR: exception 'ReflectionException' with message 'Class BirthdayFilter does not exist' in /Applications/MAMP/htdocs/estudo/bootstrap/compiled.php:235
Stack trace:
#0 /Applications/MAMP/htdocs/estudo/bootstrap/compiled.php(235): ReflectionClass->__construct('BirthdayFilter')
#1 /Applications/MAMP/htdocs/estudo/bootstrap/compiled.php(205): Illuminate\Container\Container->build('BirthdayFilter', Array)
#2 /Applications/MAMP/htdocs/estudo/bootstrap/compiled.php(583): Illuminate\Container\Container->make('BirthdayFilter', Array)
#3 /Applications/MAMP/htdocs/estudo/bootstrap/compiled.php(6307): Illuminate\Foundation\Application->make('BirthdayFilter')
#4 [internal function]: Illuminate\Events\Dispatcher->Illuminate\Events\{closure}(Object(Illuminate\Routing\Route), Object(Illuminate\Http\Request))
#5 /Applications/MAMP/htdocs/estudo/bootstrap/compiled.php(6255): call_user_func_array(Object(Closure), Array)
#6 /Applications/MAMP/htdocs/estudo/bootstrap/compiled.php(6237): Illuminate\Events\Dispatcher->fire('router.filter: ...', Array, true)
#7 /Applications/MAMP/htdocs/estudo/bootstrap/compiled.php(5243): Illuminate\Events\Dispatcher->until('router.filter: ...', Array)
#8 /Applications/MAMP/htdocs/estudo/bootstrap/compiled.php(5225): Illuminate\Routing\Router->callRouteFilter('birthday', Array, Object(Illuminate\Routing\Route), Object(Illuminate\Http\Request))
#9 /Applications/MAMP/htdocs/estudo/bootstrap/compiled.php(5177): Illuminate\Routing\Router->callAttachedBefores(Object(Illuminate\Routing\Route), Object(Illuminate\Http\Request))
#10 /Applications/MAMP/htdocs/estudo/bootstrap/compiled.php(5059): Illuminate\Routing\Router->callRouteBefore(Object(Illuminate\Routing\Route), Object(Illuminate\Http\Request))
#11 /Applications/MAMP/htdocs/estudo/bootstrap/compiled.php(5049): Illuminate\Routing\Router->dispatchToRoute(Object(Illuminate\Http\Request))
#12 /Applications/MAMP/htdocs/estudo/bootstrap/compiled.php(715): Illuminate\Routing\Router->dispatch(Object(Illuminate\Http\Request))
#13 /Applications/MAMP/htdocs/estudo/bootstrap/compiled.php(696): Illuminate\Foundation\Application->dispatch(Object(Illuminate\Http\Request))
#14 /Applications/MAMP/htdocs/estudo/bootstrap/compiled.php(7821): Illuminate\Foundation\Application->handle(Object(Illuminate\Http\Request), 1, true)
#15 /Applications/MAMP/htdocs/estudo/bootstrap/compiled.php(8428): Illuminate\Session\Middleware->handle(Object(Illuminate\Http\Request), 1, true)
#16 /Applications/MAMP/htdocs/estudo/bootstrap/compiled.php(8375): Illuminate\Cookie\Queue->handle(Object(Illuminate\Http\Request), 1, true)
#17 /Applications/MAMP/htdocs/estudo/bootstrap/compiled.php(11038): Illuminate\Cookie\Guard->handle(Object(Illuminate\Http\Request), 1, true)
#18 /Applications/MAMP/htdocs/estudo/bootstrap/compiled.php(657): Stack\StackedHttpKernel->handle(Object(Illuminate\Http\Request))
#19 /Applications/MAMP/htdocs/estudo/public/index.php(49): Illuminate\Foundation\Application->run()
#20 {main} [] []
[2015-03-15 23:04:45] production.ERROR: exception 'ErrorException' with message 'Missing argument 3 for BirthdayFilter::filter()' in /Applications/MAMP/htdocs/estudo/app/filters/Birthday.php:4
Stack trace:
#0 /Applications/MAMP/htdocs/estudo/app/filters/Birthday.php(4): Illuminate\Exception\Handler->handleError(2, 'Missing argumen...', '/Applications/M...', 4, Array)
#1 [internal function]: BirthdayFilter->filter(Object(Illuminate\Routing\Route), Object(Illuminate\Http\Request))
#2 /Applications/MAMP/htdocs/estudo/bootstrap/compiled.php(6309): call_user_func_array(Array, Array)
#3 [internal function]: Illuminate\Events\Dispatcher->Illuminate\Events\{closure}(Object(Illuminate\Routing\Route), Object(Illuminate\Http\Request))
#4 /Applications/MAMP/htdocs/estudo/bootstrap/compiled.php(6255): call_user_func_array(Object(Closure), Array)
#5 /Applications/MAMP/htdocs/estudo/bootstrap/compiled.php(6237): Illuminate\Events\Dispatcher->fire('router.filter: ...', Array, true)
#6 /Applications/MAMP/htdocs/estudo/bootstrap/compiled.php(5243): Illuminate\Events\Dispatcher->until('router.filter: ...', Array)
#7 /Applications/MAMP/htdocs/estudo/bootstrap/compiled.php(5225): Illuminate\Routing\Router->callRouteFilter('birthday', Array, Object(Illuminate\Routing\Route), Object(Illuminate\Http\Request))
#8 /Applications/MAMP/htdocs/estudo/bootstrap/compiled.php(5177): Illuminate\Routing\Router->callAttachedBefores(Object(Illuminate\Routing\Route), Object(Illuminate\Http\Request))
#9 /Applications/MAMP/htdocs/estudo/bootstrap/compiled.php(5059): Illuminate\Routing\Router->callRouteBefore(Object(Illuminate\Routing\Route), Object(Illuminate\Http\Request))
#10 /Applications/MAMP/htdocs/estudo/bootstrap/compiled.php(5049): Illuminate\Routing\Router->dispatchToRoute(Object(Illuminate\Http\Request))
#11 /Applications/MAMP/htdocs/estudo/bootstrap/compiled.php(715): Illuminate\Routing\Router->dispatch(Object(Illuminate\Http\Request))
#12 /Applications/MAMP/htdocs/estudo/bootstrap/compiled.php(696): Illuminate\Foundation\Application->dispatch(Object(Illuminate\Http\Request))
#13 /Applications/MAMP/htdocs/estudo/bootstrap/compiled.php(7821): Illuminate\Foundation\Application->handle(Object(Illuminate\Http\Request), 1, true)
#14 /Applications/MAMP/htdocs/estudo/bootstrap/compiled.php(8428): Illuminate\Session\Middleware->handle(Object(Illuminate\Http\Request), 1, true)
#15 /Applications/MAMP/htdocs/estudo/bootstrap/compiled.php(8375): Illuminate\Cookie\Queue->handle(Object(Illuminate\Http\Request), 1, true)
#16 /Applications/MAMP/htdocs/estudo/bootstrap/compiled.php(11038): Illuminate\Cookie\Guard->handle(Object(Illuminate\Http\Request), 1, true)
#17 /Applications/MAMP/htdocs/estudo/bootstrap/compiled.php(657): Stack\StackedHttpKernel->handle(Object(Illuminate\Http\Request))
#18 /Applications/MAMP/htdocs/estudo/public/index.php(49): Illuminate\Foundation\Application->run()
#19 {main} [] []
[2015-03-15 23:04:47] production.ERROR: exception 'ErrorException' with message 'Missing argument 3 for BirthdayFilter::filter()' in /Applications/MAMP/htdocs/estudo/app/filters/Birthday.php:4
Stack trace:
#0 /Applications/MAMP/htdocs/estudo/app/filters/Birthday.php(4): Illuminate\Exception\Handler->handleError(2, 'Missing argumen...', '/Applications/M...', 4, Array)
#1 [internal function]: BirthdayFilter->filter(Object(Illuminate\Routing\Route), Object(Illuminate\Http\Request))
#2 /Applications/MAMP/htdocs/estudo/bootstrap/compiled.php(6309): call_user_func_array(Array, Array)
#3 [internal function]: Illuminate\Events\Dispatcher->Illuminate\Events\{closure}(Object(Illuminate\Routing\Route), Object(Illuminate\Http\Request))
#4 /Applications/MAMP/htdocs/estudo/bootstrap/compiled.php(6255): call_user_func_array(Object(Closure), Array)
#5 /Applications/MAMP/htdocs/estudo/bootstrap/compiled.php(6237): Illuminate\Events\Dispatcher->fire('router.filter: ...', Array, true)
#6 /Applications/MAMP/htdocs/estudo/bootstrap/compiled.php(5243): Illuminate\Events\Dispatcher->until('router.filter: ...', Array)
#7 /Applications/MAMP/htdocs/estudo/bootstrap/compiled.php(5225): Illuminate\Routing\Router->callRouteFilter('birthday', Array, Object(Illuminate\Routing\Route), Object(Illuminate\Http\Request))
#8 /Applications/MAMP/htdocs/estudo/bootstrap/compiled.php(5177): Illuminate\Routing\Router->callAttachedBefores(Object(Illuminate\Routing\Route), Object(Illuminate\Http\Request))
#9 /Applications/MAMP/htdocs/estudo/bootstrap/compiled.php(5059): Illuminate\Routing\Router->callRouteBefore(Object(Illuminate\Routing\Route), Object(Illuminate\Http\Request))
#10 /Applications/MAMP/htdocs/estudo/bootstrap/compiled.php(5049): Illuminate\Routing\Router->dispatchToRoute(Object(Illuminate\Http\Request))
#11 /Applications/MAMP/htdocs/estudo/bootstrap/compiled.php(715): Illuminate\Routing\Router->dispatch(Object(Illuminate\Http\Request))
#12 /Applications/MAMP/htdocs/estudo/bootstrap/compiled.php(696): Illuminate\Foundation\Application->dispatch(Object(Illuminate\Http\Request))
#13 /Applications/MAMP/htdocs/estudo/bootstrap/compiled.php(7821): Illuminate\Foundation\Application->handle(Object(Illuminate\Http\Request), 1, true)
#14 /Applications/MAMP/htdocs/estudo/bootstrap/compiled.php(8428): Illuminate\Session\Middleware->handle(Object(Illuminate\Http\Request), 1, true)
#15 /Applications/MAMP/htdocs/estudo/bootstrap/compiled.php(8375): Illuminate\Cookie\Queue->handle(Object(Illuminate\Http\Request), 1, true)
#16 /Applications/MAMP/htdocs/estudo/bootstrap/compiled.php(11038): Illuminate\Cookie\Guard->handle(Object(Illuminate\Http\Request), 1, true)
#17 /Applications/MAMP/htdocs/estudo/bootstrap/compiled.php(657): Stack\StackedHttpKernel->handle(Object(Illuminate\Http\Request))
#18 /Applications/MAMP/htdocs/estudo/public/index.php(49): Illuminate\Foundation\Application->run()
#19 {main} [] []
[2015-03-15 23:05:11] production.ERROR: exception 'ErrorException' with message 'Missing argument 3 for BirthdayFilter::filter()' in /Applications/MAMP/htdocs/estudo/app/filters/Birthday.php:4
Stack trace:
#0 /Applications/MAMP/htdocs/estudo/app/filters/Birthday.php(4): Illuminate\Exception\Handler->handleError(2, 'Missing argumen...', '/Applications/M...', 4, Array)
#1 [internal function]: BirthdayFilter->filter(Object(Illuminate\Routing\Route), Object(Illuminate\Http\Request))
#2 /Applications/MAMP/htdocs/estudo/bootstrap/compiled.php(6309): call_user_func_array(Array, Array)
#3 [internal function]: Illuminate\Events\Dispatcher->Illuminate\Events\{closure}(Object(Illuminate\Routing\Route), Object(Illuminate\Http\Request))
#4 /Applications/MAMP/htdocs/estudo/bootstrap/compiled.php(6255): call_user_func_array(Object(Closure), Array)
#5 /Applications/MAMP/htdocs/estudo/bootstrap/compiled.php(6237): Illuminate\Events\Dispatcher->fire('router.filter: ...', Array, true)
#6 /Applications/MAMP/htdocs/estudo/bootstrap/compiled.php(5243): Illuminate\Events\Dispatcher->until('router.filter: ...', Array)
#7 /Applications/MAMP/htdocs/estudo/bootstrap/compiled.php(5225): Illuminate\Routing\Router->callRouteFilter('birthday', Array, Object(Illuminate\Routing\Route), Object(Illuminate\Http\Request))
#8 /Applications/MAMP/htdocs/estudo/bootstrap/compiled.php(5177): Illuminate\Routing\Router->callAttachedBefores(Object(Illuminate\Routing\Route), Object(Illuminate\Http\Request))
#9 /Applications/MAMP/htdocs/estudo/bootstrap/compiled.php(5059): Illuminate\Routing\Router->callRouteBefore(Object(Illuminate\Routing\Route), Object(Illuminate\Http\Request))
#10 /Applications/MAMP/htdocs/estudo/bootstrap/compiled.php(5049): Illuminate\Routing\Router->dispatchToRoute(Object(Illuminate\Http\Request))
#11 /Applications/MAMP/htdocs/estudo/bootstrap/compiled.php(715): Illuminate\Routing\Router->dispatch(Object(Illuminate\Http\Request))
#12 /Applications/MAMP/htdocs/estudo/bootstrap/compiled.php(696): Illuminate\Foundation\Application->dispatch(Object(Illuminate\Http\Request))
#13 /Applications/MAMP/htdocs/estudo/bootstrap/compiled.php(7821): Illuminate\Foundation\Application->handle(Object(Illuminate\Http\Request), 1, true)
#14 /Applications/MAMP/htdocs/estudo/bootstrap/compiled.php(8428): Illuminate\Session\Middleware->handle(Object(Illuminate\Http\Request), 1, true)
#15 /Applications/MAMP/htdocs/estudo/bootstrap/compiled.php(8375): Illuminate\Cookie\Queue->handle(Object(Illuminate\Http\Request), 1, true)
#16 /Applications/MAMP/htdocs/estudo/bootstrap/compiled.php(11038): Illuminate\Cookie\Guard->handle(Object(Illuminate\Http\Request), 1, true)
#17 /Applications/MAMP/htdocs/estudo/bootstrap/compiled.php(657): Stack\StackedHttpKernel->handle(Object(Illuminate\Http\Request))
#18 /Applications/MAMP/htdocs/estudo/public/index.php(49): Illuminate\Foundation\Application->run()
#19 {main} [] []
[2015-03-15 23:05:22] production.ERROR: exception 'ErrorException' with message 'Missing argument 3 for BirthdayFilter::filter()' in /Applications/MAMP/htdocs/estudo/app/filters/Birthday.php:4
Stack trace:
#0 /Applications/MAMP/htdocs/estudo/app/filters/Birthday.php(4): Illuminate\Exception\Handler->handleError(2, 'Missing argumen...', '/Applications/M...', 4, Array)
#1 [internal function]: BirthdayFilter->filter(Object(Illuminate\Routing\Route), Object(Illuminate\Http\Request))
#2 /Applications/MAMP/htdocs/estudo/bootstrap/compiled.php(6309): call_user_func_array(Array, Array)
#3 [internal function]: Illuminate\Events\Dispatcher->Illuminate\Events\{closure}(Object(Illuminate\Routing\Route), Object(Illuminate\Http\Request))
#4 /Applications/MAMP/htdocs/estudo/bootstrap/compiled.php(6255): call_user_func_array(Object(Closure), Array)
#5 /Applications/MAMP/htdocs/estudo/bootstrap/compiled.php(6237): Illuminate\Events\Dispatcher->fire('router.filter: ...', Array, true)
#6 /Applications/MAMP/htdocs/estudo/bootstrap/compiled.php(5243): Illuminate\Events\Dispatcher->until('router.filter: ...', Array)
#7 /Applications/MAMP/htdocs/estudo/bootstrap/compiled.php(5225): Illuminate\Routing\Router->callRouteFilter('birthday', Array, Object(Illuminate\Routing\Route), Object(Illuminate\Http\Request))
#8 /Applications/MAMP/htdocs/estudo/bootstrap/compiled.php(5177): Illuminate\Routing\Router->callAttachedBefores(Object(Illuminate\Routing\Route), Object(Illuminate\Http\Request))
#9 /Applications/MAMP/htdocs/estudo/bootstrap/compiled.php(5059): Illuminate\Routing\Router->callRouteBefore(Object(Illuminate\Routing\Route), Object(Illuminate\Http\Request))
#10 /Applications/MAMP/htdocs/estudo/bootstrap/compiled.php(5049): Illuminate\Routing\Router->dispatchToRoute(Object(Illuminate\Http\Request))
#11 /Applications/MAMP/htdocs/estudo/bootstrap/compiled.php(715): Illuminate\Routing\Router->dispatch(Object(Illuminate\Http\Request))
#12 /Applications/MAMP/htdocs/estudo/bootstrap/compiled.php(696): Illuminate\Foundation\Application->dispatch(Object(Illuminate\Http\Request))
#13 /Applications/MAMP/htdocs/estudo/bootstrap/compiled.php(7821): Illuminate\Foundation\Application->handle(Object(Illuminate\Http\Request), 1, true)
#14 /Applications/MAMP/htdocs/estudo/bootstrap/compiled.php(8428): Illuminate\Session\Middleware->handle(Object(Illuminate\Http\Request), 1, true)
#15 /Applications/MAMP/htdocs/estudo/bootstrap/compiled.php(8375): Illuminate\Cookie\Queue->handle(Object(Illuminate\Http\Request), 1, true)
#16 /Applications/MAMP/htdocs/estudo/bootstrap/compiled.php(11038): Illuminate\Cookie\Guard->handle(Object(Illuminate\Http\Request), 1, true)
#17 /Applications/MAMP/htdocs/estudo/bootstrap/compiled.php(657): Stack\StackedHttpKernel->handle(Object(Illuminate\Http\Request))
#18 /Applications/MAMP/htdocs/estudo/public/index.php(49): Illuminate\Foundation\Application->run()
#19 {main} [] []
[2015-03-16 16:46:01] production.ERROR: exception 'InvalidArgumentException' with message 'View [example] not found.' in /Applications/MAMP/htdocs/estudo/bootstrap/compiled.php:9507
Stack trace:
#0 /Applications/MAMP/htdocs/estudo/bootstrap/compiled.php(9480): Illuminate\View\FileViewFinder->findInPaths('example', Array)
#1 /Applications/MAMP/htdocs/estudo/vendor/laravel/framework/src/Illuminate/View/Factory.php(124): Illuminate\View\FileViewFinder->find('example')
#2 /Applications/MAMP/htdocs/estudo/bootstrap/compiled.php(3263): Illuminate\View\Factory->make('example')
#3 /Applications/MAMP/htdocs/estudo/app/routes.php(16): Illuminate\Support\Facades\Facade::__callStatic('make', Array)
#4 /Applications/MAMP/htdocs/estudo/app/routes.php(16): Illuminate\Support\Facades\View::make('example')
#5 [internal function]: {closure}()
#6 /Applications/MAMP/htdocs/estudo/bootstrap/compiled.php(5394): call_user_func_array(Object(Closure), Array)
#7 /Applications/MAMP/htdocs/estudo/bootstrap/compiled.php(5061): Illuminate\Routing\Route->run(Object(Illuminate\Http\Request))
#8 /Applications/MAMP/htdocs/estudo/bootstrap/compiled.php(5049): Illuminate\Routing\Router->dispatchToRoute(Object(Illuminate\Http\Request))
#9 /Applications/MAMP/htdocs/estudo/bootstrap/compiled.php(715): Illuminate\Routing\Router->dispatch(Object(Illuminate\Http\Request))
#10 /Applications/MAMP/htdocs/estudo/bootstrap/compiled.php(696): Illuminate\Foundation\Application->dispatch(Object(Illuminate\Http\Request))
#11 /Applications/MAMP/htdocs/estudo/bootstrap/compiled.php(7821): Illuminate\Foundation\Application->handle(Object(Illuminate\Http\Request), 1, true)
#12 /Applications/MAMP/htdocs/estudo/bootstrap/compiled.php(8428): Illuminate\Session\Middleware->handle(Object(Illuminate\Http\Request), 1, true)
#13 /Applications/MAMP/htdocs/estudo/bootstrap/compiled.php(8375): Illuminate\Cookie\Queue->handle(Object(Illuminate\Http\Request), 1, true)
#14 /Applications/MAMP/htdocs/estudo/bootstrap/compiled.php(11038): Illuminate\Cookie\Guard->handle(Object(Illuminate\Http\Request), 1, true)
#15 /Applications/MAMP/htdocs/estudo/bootstrap/compiled.php(657): Stack\StackedHttpKernel->handle(Object(Illuminate\Http\Request))
#16 /Applications/MAMP/htdocs/estudo/public/index.php(49): Illuminate\Foundation\Application->run()
#17 {main} [] []
[2015-03-16 16:47:48] production.ERROR: exception 'InvalidArgumentException' with message 'View [example] not found.' in /Applications/MAMP/htdocs/estudo/bootstrap/compiled.php:9507
Stack trace:
#0 /Applications/MAMP/htdocs/estudo/bootstrap/compiled.php(9480): Illuminate\View\FileViewFinder->findInPaths('example', Array)
#1 /Applications/MAMP/htdocs/estudo/vendor/laravel/framework/src/Illuminate/View/Factory.php(124): Illuminate\View\FileViewFinder->find('example')
#2 /Applications/MAMP/htdocs/estudo/bootstrap/compiled.php(3263): Illuminate\View\Factory->make('example')
#3 /Applications/MAMP/htdocs/estudo/app/routes.php(16): Illuminate\Support\Facades\Facade::__callStatic('make', Array)
#4 /Applications/MAMP/htdocs/estudo/app/routes.php(16): Illuminate\Support\Facades\View::make('example')
#5 [internal function]: {closure}()
#6 /Applications/MAMP/htdocs/estudo/bootstrap/compiled.php(5394): call_user_func_array(Object(Closure), Array)
#7 /Applications/MAMP/htdocs/estudo/bootstrap/compiled.php(5061): Illuminate\Routing\Route->run(Object(Illuminate\Http\Request))
#8 /Applications/MAMP/htdocs/estudo/bootstrap/compiled.php(5049): Illuminate\Routing\Router->dispatchToRoute(Object(Illuminate\Http\Request))
#9 /Applications/MAMP/htdocs/estudo/bootstrap/compiled.php(715): Illuminate\Routing\Router->dispatch(Object(Illuminate\Http\Request))
#10 /Applications/MAMP/htdocs/estudo/bootstrap/compiled.php(696): Illuminate\Foundation\Application->dispatch(Object(Illuminate\Http\Request))
#11 /Applications/MAMP/htdocs/estudo/bootstrap/compiled.php(7821): Illuminate\Foundation\Application->handle(Object(Illuminate\Http\Request), 1, true)
#12 /Applications/MAMP/htdocs/estudo/bootstrap/compiled.php(8428): Illuminate\Session\Middleware->handle(Object(Illuminate\Http\Request), 1, true)
#13 /Applications/MAMP/htdocs/estudo/bootstrap/compiled.php(8375): Illuminate\Cookie\Queue->handle(Object(Illuminate\Http\Request), 1, true)
#14 /Applications/MAMP/htdocs/estudo/bootstrap/compiled.php(11038): Illuminate\Cookie\Guard->handle(Object(Illuminate\Http\Request), 1, true)
#15 /Applications/MAMP/htdocs/estudo/bootstrap/compiled.php(657): Stack\StackedHttpKernel->handle(Object(Illuminate\Http\Request))
#16 /Applications/MAMP/htdocs/estudo/public/index.php(49): Illuminate\Foundation\Application->run()
#17 {main} [] []
[2015-03-16 16:48:40] production.ERROR: exception 'InvalidArgumentException' with message 'View [example] not found.' in /Applications/MAMP/htdocs/estudo/bootstrap/compiled.php:9507
Stack trace:
#0 /Applications/MAMP/htdocs/estudo/bootstrap/compiled.php(9480): Illuminate\View\FileViewFinder->findInPaths('example', Array)
#1 /Applications/MAMP/htdocs/estudo/vendor/laravel/framework/src/Illuminate/View/Factory.php(124): Illuminate\View\FileViewFinder->find('example')
#2 /Applications/MAMP/htdocs/estudo/bootstrap/compiled.php(3263): Illuminate\View\Factory->make('example')
#3 /Applications/MAMP/htdocs/estudo/app/routes.php(16): Illuminate\Support\Facades\Facade::__callStatic('make', Array)
#4 /Applications/MAMP/htdocs/estudo/app/routes.php(16): Illuminate\Support\Facades\View::make('example')
#5 [internal function]: {closure}()
#6 /Applications/MAMP/htdocs/estudo/bootstrap/compiled.php(5394): call_user_func_array(Object(Closure), Array)
#7 /Applications/MAMP/htdocs/estudo/bootstrap/compiled.php(5061): Illuminate\Routing\Route->run(Object(Illuminate\Http\Request))
#8 /Applications/MAMP/htdocs/estudo/bootstrap/compiled.php(5049): Illuminate\Routing\Router->dispatchToRoute(Object(Illuminate\Http\Request))
#9 /Applications/MAMP/htdocs/estudo/bootstrap/compiled.php(715): Illuminate\Routing\Router->dispatch(Object(Illuminate\Http\Request))
#10 /Applications/MAMP/htdocs/estudo/bootstrap/compiled.php(696): Illuminate\Foundation\Application->dispatch(Object(Illuminate\Http\Request))
#11 /Applications/MAMP/htdocs/estudo/bootstrap/compiled.php(7821): Illuminate\Foundation\Application->handle(Object(Illuminate\Http\Request), 1, true)
#12 /Applications/MAMP/htdocs/estudo/bootstrap/compiled.php(8428): Illuminate\Session\Middleware->handle(Object(Illuminate\Http\Request), 1, true)
#13 /Applications/MAMP/htdocs/estudo/bootstrap/compiled.php(8375): Illuminate\Cookie\Queue->handle(Object(Illuminate\Http\Request), 1, true)
#14 /Applications/MAMP/htdocs/estudo/bootstrap/compiled.php(11038): Illuminate\Cookie\Guard->handle(Object(Illuminate\Http\Request), 1, true)
#15 /Applications/MAMP/htdocs/estudo/bootstrap/compiled.php(657): Stack\StackedHttpKernel->handle(Object(Illuminate\Http\Request))
#16 /Applications/MAMP/htdocs/estudo/public/index.php(49): Illuminate\Foundation\Application->run()
#17 {main} [] []
[2015-03-16 16:49:00] production.ERROR: exception 'InvalidArgumentException' with message 'View [example] not found.' in /Applications/MAMP/htdocs/estudo/bootstrap/compiled.php:9507
Stack trace:
#0 /Applications/MAMP/htdocs/estudo/bootstrap/compiled.php(9480): Illuminate\View\FileViewFinder->findInPaths('example', Array)
#1 /Applications/MAMP/htdocs/estudo/vendor/laravel/framework/src/Illuminate/View/Factory.php(124): Illuminate\View\FileViewFinder->find('example')
#2 /Applications/MAMP/htdocs/estudo/bootstrap/compiled.php(3263): Illuminate\View\Factory->make('example')
#3 /Applications/MAMP/htdocs/estudo/app/routes.php(16): Illuminate\Support\Facades\Facade::__callStatic('make', Array)
#4 /Applications/MAMP/htdocs/estudo/app/routes.php(16): Illuminate\Support\Facades\View::make('example')
#5 [internal function]: {closure}()
#6 /Applications/MAMP/htdocs/estudo/bootstrap/compiled.php(5394): call_user_func_array(Object(Closure), Array)
#7 /Applications/MAMP/htdocs/estudo/bootstrap/compiled.php(5061): Illuminate\Routing\Route->run(Object(Illuminate\Http\Request))
#8 /Applications/MAMP/htdocs/estudo/bootstrap/compiled.php(5049): Illuminate\Routing\Router->dispatchToRoute(Object(Illuminate\Http\Request))
#9 /Applications/MAMP/htdocs/estudo/bootstrap/compiled.php(715): Illuminate\Routing\Router->dispatch(Object(Illuminate\Http\Request))
#10 /Applications/MAMP/htdocs/estudo/bootstrap/compiled.php(696): Illuminate\Foundation\Application->dispatch(Object(Illuminate\Http\Request))
#11 /Applications/MAMP/htdocs/estudo/bootstrap/compiled.php(7821): Illuminate\Foundation\Application->handle(Object(Illuminate\Http\Request), 1, true)
#12 /Applications/MAMP/htdocs/estudo/bootstrap/compiled.php(8428): Illuminate\Session\Middleware->handle(Object(Illuminate\Http\Request), 1, true)
#13 /Applications/MAMP/htdocs/estudo/bootstrap/compiled.php(8375): Illuminate\Cookie\Queue->handle(Object(Illuminate\Http\Request), 1, true)
#14 /Applications/MAMP/htdocs/estudo/bootstrap/compiled.php(11038): Illuminate\Cookie\Guard->handle(Object(Illuminate\Http\Request), 1, true)
#15 /Applications/MAMP/htdocs/estudo/bootstrap/compiled.php(657): Stack\StackedHttpKernel->handle(Object(Illuminate\Http\Request))
#16 /Applications/MAMP/htdocs/estudo/public/index.php(49): Illuminate\Foundation\Application->run()
#17 {main} [] []
[2015-03-16 16:49:18] production.ERROR: exception 'InvalidArgumentException' with message 'View [example.blade] not found.' in /Applications/MAMP/htdocs/estudo/bootstrap/compiled.php:9507
Stack trace:
#0 /Applications/MAMP/htdocs/estudo/bootstrap/compiled.php(9480): Illuminate\View\FileViewFinder->findInPaths('example.blade', Array)
#1 /Applications/MAMP/htdocs/estudo/vendor/laravel/framework/src/Illuminate/View/Factory.php(124): Illuminate\View\FileViewFinder->find('example.blade')
#2 /Applications/MAMP/htdocs/estudo/bootstrap/compiled.php(3263): Illuminate\View\Factory->make('example.blade')
#3 /Applications/MAMP/htdocs/estudo/app/routes.php(16): Illuminate\Support\Facades\Facade::__callStatic('make', Array)
#4 /Applications/MAMP/htdocs/estudo/app/routes.php(16): Illuminate\Support\Facades\View::make('example.blade')
#5 [internal function]: {closure}()
#6 /Applications/MAMP/htdocs/estudo/bootstrap/compiled.php(5394): call_user_func_array(Object(Closure), Array)
#7 /Applications/MAMP/htdocs/estudo/bootstrap/compiled.php(5061): Illuminate\Routing\Route->run(Object(Illuminate\Http\Request))
#8 /Applications/MAMP/htdocs/estudo/bootstrap/compiled.php(5049): Illuminate\Routing\Router->dispatchToRoute(Object(Illuminate\Http\Request))
#9 /Applications/MAMP/htdocs/estudo/bootstrap/compiled.php(715): Illuminate\Routing\Router->dispatch(Object(Illuminate\Http\Request))
#10 /Applications/MAMP/htdocs/estudo/bootstrap/compiled.php(696): Illuminate\Foundation\Application->dispatch(Object(Illuminate\Http\Request))
#11 /Applications/MAMP/htdocs/estudo/bootstrap/compiled.php(7821): Illuminate\Foundation\Application->handle(Object(Illuminate\Http\Request), 1, true)
#12 /Applications/MAMP/htdocs/estudo/bootstrap/compiled.php(8428): Illuminate\Session\Middleware->handle(Object(Illuminate\Http\Request), 1, true)
#13 /Applications/MAMP/htdocs/estudo/bootstrap/compiled.php(8375): Illuminate\Cookie\Queue->handle(Object(Illuminate\Http\Request), 1, true)
#14 /Applications/MAMP/htdocs/estudo/bootstrap/compiled.php(11038): Illuminate\Cookie\Guard->handle(Object(Illuminate\Http\Request), 1, true)
#15 /Applications/MAMP/htdocs/estudo/bootstrap/compiled.php(657): Stack\StackedHttpKernel->handle(Object(Illuminate\Http\Request))
#16 /Applications/MAMP/htdocs/estudo/public/index.php(49): Illuminate\Foundation\Application->run()
#17 {main} [] []
[2015-03-16 16:50:48] production.ERROR: exception 'Symfony\Component\HttpKernel\Exception\NotFoundHttpException' in /Applications/MAMP/htdocs/estudo/bootstrap/compiled.php:5747
Stack trace:
#0 /Applications/MAMP/htdocs/estudo/bootstrap/compiled.php(5069): Illuminate\Routing\RouteCollection->match(Object(Illuminate\Http\Request))
#1 /Applications/MAMP/htdocs/estudo/bootstrap/compiled.php(5057): Illuminate\Routing\Router->findRoute(Object(Illuminate\Http\Request))
#2 /Applications/MAMP/htdocs/estudo/bootstrap/compiled.php(5049): Illuminate\Routing\Router->dispatchToRoute(Object(Illuminate\Http\Request))
#3 /Applications/MAMP/htdocs/estudo/bootstrap/compiled.php(715): Illuminate\Routing\Router->dispatch(Object(Illuminate\Http\Request))
#4 /Applications/MAMP/htdocs/estudo/bootstrap/compiled.php(696): Illuminate\Foundation\Application->dispatch(Object(Illuminate\Http\Request))
#5 /Applications/MAMP/htdocs/estudo/bootstrap/compiled.php(7821): Illuminate\Foundation\Application->handle(Object(Illuminate\Http\Request), 1, true)
#6 /Applications/MAMP/htdocs/estudo/bootstrap/compiled.php(8428): Illuminate\Session\Middleware->handle(Object(Illuminate\Http\Request), 1, true)
#7 /Applications/MAMP/htdocs/estudo/bootstrap/compiled.php(8375): Illuminate\Cookie\Queue->handle(Object(Illuminate\Http\Request), 1, true)
#8 /Applications/MAMP/htdocs/estudo/bootstrap/compiled.php(11038): Illuminate\Cookie\Guard->handle(Object(Illuminate\Http\Request), 1, true)
#9 /Applications/MAMP/htdocs/estudo/bootstrap/compiled.php(657): Stack\StackedHttpKernel->handle(Object(Illuminate\Http\Request))
#10 /Applications/MAMP/htdocs/estudo/public/index.php(49): Illuminate\Foundation\Application->run()
#11 {main} [] []
[2015-03-16 16:57:47] production.ERROR: exception 'Symfony\Component\Debug\Exception\FatalErrorException' with message 'syntax error, unexpected ')'' in /Applications/MAMP/htdocs/estudo/app/routes.php:17
Stack trace:
#0 [internal function]: Illuminate\Exception\Handler->handleShutdown()
#1 {main} [] []
